<?xml version="1.0" encoding="UTF-8"?>
<!-- Generated by org.testng.reporters.JUnitReportReporter -->
<testsuite hostname="DESKTOP-JLDIC5L" failures="0" tests="4" name="com.company.SampleTestNGFrameWork.tests.LoginTest" time="13.472" errors="0" timestamp="2025-10-06T08:14:47 IST" skipped="0">
  <testcase classname="com.company.SampleTestNGFrameWork.tests.LoginTest" name="loginPage2Test" time="3.179"/>
  <testcase classname="com.company.SampleTestNGFrameWork.tests.LoginTest" name="loginPage1Test" time="3.561"/>
  <testcase classname="com.company.SampleTestNGFrameWork.tests.LoginTest" name="loginPage3Test" time="3.259"/>
  <testcase classname="com.company.SampleTestNGFrameWork.tests.LoginTest" name="dataProviderTest" time="3.473"/>
</testsuite> <!-- com.company.SampleTestNGFrameWork.tests.LoginTest -->
