<?xml version="1.0" encoding="UTF-8"?>
<!-- Generated by org.testng.reporters.JUnitReportReporter -->
<testsuite hostname="QT-INHD-LT0753" failures="0" tests="1" name="com.company.SampleTestNGFrameWork.tests.HomeTest" time="4.536" errors="0" timestamp="2025-10-05T19:31:12 IST" skipped="0">
  <testcase classname="com.company.SampleTestNGFrameWork.tests.HomeTest" name="homePage1Test" time="4.536"/>
</testsuite> <!-- com.company.SampleTestNGFrameWork.tests.HomeTest -->
