<?xml version="1.0" encoding="UTF-8"?>
<!-- Generated by org.testng.reporters.JUnitReportReporter -->
<testsuite hostname="QT-INHD-LT0753" failures="0" tests="1" name="com.company.SampleTestNGFrameWork.tests.LoginTest" time="5.277" errors="0" timestamp="2025-10-05T19:31:12 IST" skipped="0">
  <testcase classname="com.company.SampleTestNGFrameWork.tests.LoginTest" name="loginPage3Test" time="5.277"/>
</testsuite> <!-- com.company.SampleTestNGFrameWork.tests.LoginTest -->
